2025-08-13 05:10:05,723 - INFO - Scores: [ 6.05909008e+04  2.41222465e+04 -1.64463247e+04  1.44864072e+04
 -2.62295609e+03  8.24268874e+02  9.36024969e+03  6.05909008e+04
  9.71291965e+04  6.14017120e+02  1.01664720e+04  3.27152914e+04
  1.37593810e+03  9.24676736e+02  2.40026648e+03  1.53578149e+04
  3.24498642e+03 -1.17151140e+03  2.13712267e+04 -8.77243222e+03
  2.39082640e+03  8.50415043e+03  1.44864072e+04 -4.33575903e+03
  9.83258746e+02  7.56247459e+02  1.12472960e+04  7.74664526e+02
 -5.94712723e+02  6.04467641e+01 -3.75856543e+03  2.01064881e+04
  1.44325681e+04 -8.26911613e+02  2.93948143e+04  2.14358485e+03
 -7.69248090e+01 -4.95505151e+01  5.93457012e+04  2.67399278e+04
  9.28181861e+03  3.34302147e+04  2.50970008e+03  1.71294360e+04
  9.46141948e+02  3.75044029e+02  3.42225597e+04  3.13265638e+04
  1.05277494e+03  1.14325330e+03  2.04608105e+04  4.65825946e+04
  8.04260602e+02 -4.09770867e+02  8.91604313e+02  1.56243878e+03
  8.08384094e+02  7.51978048e+04  1.55346489e+03  7.63277860e+03
  2.19157292e+04  1.58806988e+03  8.08384094e+02  2.19157292e+04
  7.21249084e+02  1.08736025e+03  4.60162462e+02  4.66990289e+04
  2.65317245e+03  9.75440192e+02  1.47031270e+03  1.65581231e+04
  8.90219907e+02  1.30664310e+03  4.14111075e+04  8.08384094e+02
  1.72054497e+04  7.55798262e+02  1.42938231e+04  2.30263052e+04
  4.31616500e+03  4.35674049e+04  3.35133214e+04  5.60621503e+03
  1.85171278e+03 -1.10911688e+04  1.36015624e+04  6.04467641e+01
  1.28418635e+04  1.28832176e+03  2.13714479e+03  1.99268459e+03
  3.00777069e+04  1.07538805e+03  8.90219907e+02  1.20158556e+03
  1.98084111e+04  1.41381945e+04  1.73579728e+03  2.98644679e+05
  3.04698056e+03  3.00777069e+04 -4.33575903e+03  1.28418635e+04
  2.75535346e+04 -4.83120568e+03  1.20214118e+03  7.49032512e+04
  1.01214891e+03 -3.76504834e+02  9.38763571e+02  2.30263052e+04
  1.61839882e+03  1.32892339e+04  8.90219907e+02 -6.20372297e+02
 -3.76504834e+02  6.94411243e+02  1.59011525e+05  1.57916372e+03
  1.02344726e+03  1.25453207e+04  9.40245945e+04  4.47018429e+04
  5.01165785e+04  4.88416509e+04]
